2025-04-26 19:02:28,431 - INFO - Created folder: Multiple_Hole_Design_Point_0_copy_1
2025-04-26 19:02:29,431 - INFO - Processing folder Multiple_Hole_Design_Point_0_copy_1 with 9 holes.
2025-04-26 19:02:29,574 - INFO - Updated Multiple_Hole_Design_Point_0_copy_1/0/U with nonuniform parabolic inlet velocities.
2025-04-26 19:02:29,574 - INFO - Updated Multiple_Hole_Design_Point_0_copy_1/0/U: Umax set to 0.01847202493986262 (Re: 2414.6437829885776)
2025-04-26 19:02:29,574 - INFO - Saved Umax value 0.01847202493986262 in Multiple_Hole_Design_Point_0_copy_1/Umax.txt
2025-04-26 19:02:29,574 - INFO - Running postProcess to generate cell centers in folder: Multiple_Hole_Design_Point_0_copy_1
2025-04-26 19:02:29,699 - INFO - Cell center coordinates generated successfully in folder: Multiple_Hole_Design_Point_0_copy_1
2025-04-26 19:15:24,011 - INFO - icoFoam simulation completed successfully in folder: Multiple_Hole_Design_Point_0_copy_1
2025-04-26 19:15:24,011 - INFO - Simulation for Multiple_Hole_Design_Point_0_copy_1 completed in 774.58 seconds
2025-04-26 19:15:24,780 - INFO - Sim data saved to /data/user_data/vhsingh/FPO_Cylinder_Multiple_Holes/Multiple_Hole/sim_data_batch_0.json
2025-04-26 19:15:24,781 - INFO - Umax for simulation Multiple_Hole_Design_Point_0_copy_1 is 0.01847202493986262
2025-04-26 19:15:24,782 - INFO - Skipping timestep 0 in Multiple_Hole_Design_Point_0_copy_1 due to uniform field.
2025-04-26 19:15:25,257 - INFO - Folder Multiple_Hole_Design_Point_0_copy_1 => sim_array shape: (20, 15808, 4) (timesteps, num_cells, 4)
2025-04-26 19:15:25,257 - INFO - Time directories: ['60', '120', '180', '240', '300', '360', '420', '480', '540', '600', '660', '720', '780', '840', '900', '960', '1020', '1080', '1140', '1200']
2025-04-26 19:15:25,273 - INFO - Folder Multiple_Hole_Design_Point_0_copy_1 => 15808 cell centers parsed.
2025-04-26 19:15:25,615 - INFO - Folder Multiple_Hole_Design_Point_0_copy_1 reshaped to: (20, 128, 128, 6)
2025-04-26 19:15:25,626 - INFO - Batch 0 dataset shape: (1, 20, 128, 128, 6) saved as /data/user_data/vhsingh/FPO_Cylinder_Multiple_Holes/Multiple_Hole/results_batch_0.npy
2025-04-26 19:15:25,670 - INFO - Deleted folder Multiple_Hole_Design_Point_0_copy_1
2025-04-26 19:15:25,670 - INFO - Total execution time: 777.26 seconds
2025-05-06 19:08:07,536 - INFO - Created folder: test_Design_Point_0_copy_1
2025-05-06 19:08:08,551 - INFO - Created folder: test_Design_Point_0_copy_2
2025-05-06 19:08:09,552 - INFO - Processing folder test_Design_Point_0_copy_1 with 8 holes.
2025-05-06 19:08:10,552 - INFO - Updated test_Design_Point_0_copy_1/0/U with nonuniform parabolic inlet velocities.
2025-05-06 19:08:10,553 - INFO - Updated test_Design_Point_0_copy_1/0/U: Umax set to 203.95122211420195 (Re: 4079.0244422840387)
2025-05-06 19:08:10,553 - INFO - Saved Umax value 203.95122211420195 in test_Design_Point_0_copy_1/Umax.txt
2025-05-06 19:08:10,553 - INFO - Running postProcess to generate cell centers in folder: test_Design_Point_0_copy_1
2025-05-06 19:08:11,523 - INFO - Cell center coordinates generated successfully in folder: test_Design_Point_0_copy_1
2025-05-06 19:08:28,484 - WARNING - icoFoam simulation failed or did not converge in folder: test_Design_Point_0_copy_1
2025-05-06 19:08:28,484 - WARNING - Solver failed for folder test_Design_Point_0_copy_1. Skipping.
2025-05-06 19:08:28,485 - INFO - Processing folder test_Design_Point_0_copy_2 with 9 holes.
2025-05-06 19:08:29,160 - INFO - Updated test_Design_Point_0_copy_2/0/U with nonuniform parabolic inlet velocities.
2025-05-06 19:08:29,160 - INFO - Updated test_Design_Point_0_copy_2/0/U: Umax set to 481.24085783968405 (Re: 9624.81715679368)
2025-05-06 19:08:29,161 - INFO - Saved Umax value 481.24085783968405 in test_Design_Point_0_copy_2/Umax.txt
2025-05-06 19:08:29,161 - INFO - Running postProcess to generate cell centers in folder: test_Design_Point_0_copy_2
2025-05-06 19:08:29,759 - INFO - Cell center coordinates generated successfully in folder: test_Design_Point_0_copy_2
2025-05-06 19:08:39,270 - WARNING - icoFoam simulation failed or did not converge in folder: test_Design_Point_0_copy_2
2025-05-06 19:08:39,271 - WARNING - Solver failed for folder test_Design_Point_0_copy_2. Skipping.
2025-05-06 19:08:39,271 - WARNING - No valid simulations in this batch.
2025-05-06 19:08:39,275 - INFO - Deleted folder test_Design_Point_0_copy_1
2025-05-06 19:08:39,279 - INFO - Deleted folder test_Design_Point_0_copy_2
2025-05-06 19:08:39,279 - INFO - Total execution time: 31.80 seconds
2025-05-06 19:15:07,601 - INFO - Created folder: test_Design_Point_0_copy_1
2025-05-06 19:15:08,614 - INFO - Created folder: test_Design_Point_0_copy_2
2025-05-06 19:15:09,615 - INFO - Processing folder test_Design_Point_0_copy_1 with 8 holes.
2025-05-06 19:15:10,192 - INFO - Updated test_Design_Point_0_copy_1/0/U with nonuniform parabolic inlet velocities.
2025-05-06 19:15:10,193 - INFO - Updated test_Design_Point_0_copy_1/0/U: Umax set to 79.76585621757948 (Re: 1595.3171243515894)
2025-05-06 19:15:10,193 - INFO - Saved Umax value 79.76585621757948 in test_Design_Point_0_copy_1/Umax.txt
2025-05-06 19:15:10,193 - INFO - Running postProcess to generate cell centers in folder: test_Design_Point_0_copy_1
2025-05-06 19:15:10,720 - INFO - Cell center coordinates generated successfully in folder: test_Design_Point_0_copy_1
2025-05-06 19:32:06,823 - INFO - Folder test_Design_Point_0_copy_1 already exists. Removing it for a fresh copy.
2025-05-06 19:32:06,853 - INFO - Created folder: test_Design_Point_0_copy_1
2025-05-06 19:32:07,854 - INFO - Processing folder test_Design_Point_0_copy_1 with 7 holes.
2025-05-06 19:32:08,439 - INFO - Updated test_Design_Point_0_copy_1/0/U with nonuniform parabolic inlet velocities.
2025-05-06 19:32:08,440 - INFO - Updated test_Design_Point_0_copy_1/0/U: Umax set to 4.35483329903805 (Re: 8709.666598076099)
2025-05-06 19:32:08,440 - INFO - Saved Umax value 4.35483329903805 in test_Design_Point_0_copy_1/Umax.txt
2025-05-06 19:32:08,440 - INFO - Running postProcess to generate cell centers in folder: test_Design_Point_0_copy_1
2025-05-06 19:32:08,973 - INFO - Cell center coordinates generated successfully in folder: test_Design_Point_0_copy_1
2025-05-06 19:32:30,874 - INFO - Folder test_Design_Point_0_copy_1 already exists. Removing it for a fresh copy.
2025-05-06 19:32:30,897 - INFO - Created folder: test_Design_Point_0_copy_1
2025-05-06 19:32:31,898 - INFO - Processing folder test_Design_Point_0_copy_1 with 4 holes.
2025-05-06 19:32:32,467 - INFO - Updated test_Design_Point_0_copy_1/0/U with nonuniform parabolic inlet velocities.
2025-05-06 19:32:32,468 - INFO - Updated test_Design_Point_0_copy_1/0/U: Umax set to 4.727873249511901 (Re: 9455.7464990238)
2025-05-06 19:32:32,468 - INFO - Saved Umax value 4.727873249511901 in test_Design_Point_0_copy_1/Umax.txt
2025-05-06 19:32:32,468 - INFO - Running postProcess to generate cell centers in folder: test_Design_Point_0_copy_1
2025-05-06 19:32:33,076 - INFO - Cell center coordinates generated successfully in folder: test_Design_Point_0_copy_1
2025-05-06 19:32:42,648 - INFO - Folder test_Design_Point_0_copy_1 already exists. Removing it for a fresh copy.
2025-05-06 19:32:42,672 - INFO - Created folder: test_Design_Point_0_copy_1
2025-05-06 19:32:43,674 - INFO - Processing folder test_Design_Point_0_copy_1 with 9 holes.
2025-05-06 19:32:44,359 - INFO - Updated test_Design_Point_0_copy_1/0/U with nonuniform parabolic inlet velocities.
2025-05-06 19:32:44,360 - INFO - Updated test_Design_Point_0_copy_1/0/U: Umax set to 4.522652726205743 (Re: 9045.305452411487)
2025-05-06 19:32:44,360 - INFO - Saved Umax value 4.522652726205743 in test_Design_Point_0_copy_1/Umax.txt
2025-05-06 19:32:44,360 - INFO - Running postProcess to generate cell centers in folder: test_Design_Point_0_copy_1
2025-05-06 19:32:44,881 - INFO - Cell center coordinates generated successfully in folder: test_Design_Point_0_copy_1
2025-05-06 19:33:38,189 - INFO - Folder test_Design_Point_0_copy_1 already exists. Removing it for a fresh copy.
2025-05-06 19:33:38,208 - INFO - Created folder: test_Design_Point_0_copy_1
2025-05-06 19:33:39,209 - INFO - Processing folder test_Design_Point_0_copy_1 with 4 holes.
2025-05-06 19:33:39,854 - INFO - Updated test_Design_Point_0_copy_1/0/U with nonuniform parabolic inlet velocities.
2025-05-06 19:33:39,855 - INFO - Updated test_Design_Point_0_copy_1/0/U: Umax set to 4.4285425304795005 (Re: 8857.085060959002)
2025-05-06 19:33:39,855 - INFO - Saved Umax value 4.4285425304795005 in test_Design_Point_0_copy_1/Umax.txt
2025-05-06 19:33:39,856 - INFO - Running postProcess to generate cell centers in folder: test_Design_Point_0_copy_1
2025-05-06 19:33:40,328 - INFO - Cell center coordinates generated successfully in folder: test_Design_Point_0_copy_1
2025-05-06 19:34:13,912 - INFO - Created folder: test_Design_Point_0_copy_1
2025-05-06 19:34:14,913 - INFO - Processing folder test_Design_Point_0_copy_1 with 3 holes.
2025-05-06 19:34:15,530 - INFO - Updated test_Design_Point_0_copy_1/0/U with nonuniform parabolic inlet velocities.
2025-05-06 19:34:15,530 - INFO - Updated test_Design_Point_0_copy_1/0/U: Umax set to 4.402593235852648 (Re: 8805.186471705296)
2025-05-06 19:34:15,530 - INFO - Saved Umax value 4.402593235852648 in test_Design_Point_0_copy_1/Umax.txt
2025-05-06 19:34:15,530 - INFO - Running postProcess to generate cell centers in folder: test_Design_Point_0_copy_1
2025-05-06 19:34:16,116 - INFO - Cell center coordinates generated successfully in folder: test_Design_Point_0_copy_1
2025-05-06 19:37:57,127 - INFO - Created folder: test_Design_Point_0_copy_1
2025-05-06 19:37:58,129 - INFO - Processing folder test_Design_Point_0_copy_1 with 3 holes.
2025-05-06 19:37:58,804 - INFO - Updated test_Design_Point_0_copy_1/0/U with nonuniform parabolic inlet velocities.
2025-05-06 19:37:58,804 - INFO - Updated test_Design_Point_0_copy_1/0/U: Umax set to 4.516062196407352 (Re: 9032.124392814705)
2025-05-06 19:37:58,804 - INFO - Saved Umax value 4.516062196407352 in test_Design_Point_0_copy_1/Umax.txt
2025-05-06 19:37:58,804 - INFO - Running postProcess to generate cell centers in folder: test_Design_Point_0_copy_1
2025-05-06 19:37:59,415 - INFO - Cell center coordinates generated successfully in folder: test_Design_Point_0_copy_1
2025-05-06 20:13:33,081 - INFO - icoFoam simulation completed successfully in folder: test_Design_Point_0_copy_1
2025-05-06 20:13:33,081 - INFO - Simulation for test_Design_Point_0_copy_1 completed in 2134.95 seconds
2025-05-06 20:13:43,219 - INFO - Sim data saved to /data/user_data/namancho/FPO_Cylinder_Multiple_Holes/test/sim_data_batch_0.json
2025-05-06 20:13:43,219 - INFO - Umax for simulation test_Design_Point_0_copy_1 is 4.516062196407352
2025-05-06 20:13:43,221 - INFO - Skipping timestep 0 in test_Design_Point_0_copy_1 due to uniform field.
2025-05-06 20:13:45,815 - INFO - Folder test_Design_Point_0_copy_1 => sim_array shape: (20, 16192, 4) (timesteps, num_cells, 4)
2025-05-06 20:13:45,815 - INFO - Time directories: ['0.9', '1.8', '2.7', '3.6', '4.5', '5.4', '6.3', '7.2', '8.1', '9', '9.9', '10.8', '11.7', '12.6', '13.5', '14.4', '15.3', '16.2', '17.1', '18']
2025-05-06 20:13:45,886 - INFO - Folder test_Design_Point_0_copy_1 => 16192 cell centers parsed.
2025-05-06 20:13:47,034 - INFO - Folder test_Design_Point_0_copy_1 reshaped to: (20, 128, 128, 6)
2025-05-06 20:13:47,074 - INFO - Batch 0 dataset shape: (1, 20, 128, 128, 6) saved as /data/user_data/namancho/FPO_Cylinder_Multiple_Holes/test/results_batch_0.npy
2025-05-06 20:13:47,121 - INFO - Deleted folder test_Design_Point_0_copy_1
2025-05-06 20:13:47,122 - INFO - Total execution time: 2150.04 seconds
