+ /var/spool/slurmd/job5321927/slurm_script:21: export WANDB_MODE=online
+ /var/spool/slurmd/job5321927/slurm_script:21: WANDB_MODE=online
+ /var/spool/slurmd/job5321927/slurm_script:22: export WANDB_API_KEY=3ff6a13421fb5921502235dde3f9a4700f33b5b8
+ /var/spool/slurmd/job5321927/slurm_script:22: WANDB_API_KEY=3ff6a13421fb5921502235dde3f9a4700f33b5b8
+ /var/spool/slurmd/job5321927/slurm_script:27: easy_counts=(1 49 99 199 399 799 1599)
+ /var/spool/slurmd/job5321927/slurm_script:28: hard_counts=(200 200 200 200 200 200 200)
+ /var/spool/slurmd/job5321927/slurm_script:30: EASY=49
+ /var/spool/slurmd/job5321927/slurm_script:31: HARD=200
+ /var/spool/slurmd/job5321927/slurm_script:36: CODE=/home/vhsingh/Geo-UPSplus/Autoregressive_Baseline_Scripts
+ /var/spool/slurmd/job5321927/slurm_script:37: MAIN=/home/vhsingh/Geo-UPSplus/Autoregressive_Baseline_Scripts/scripts/train.py
+ /var/spool/slurmd/job5321927/slurm_script:38: CONF=/home/vhsingh/Geo-UPSplus/Autoregressive_Baseline_Scripts/config/config.yaml
+ /var/spool/slurmd/job5321927/slurm_script:40: NO_HOLE=/data/group_data/sage_lab_complex_geometry/new_FPO_dataset/FPO_Cylinder_Hole_Location_3000.npy
+ /var/spool/slurmd/job5321927/slurm_script:41: HOLE=/data/group_data/sage_lab_complex_geometry/FPO_Cylinder_Multiple_Holes_3200_Normalised.npy
+ /var/spool/slurmd/job5321927/slurm_script:46: CKPT=/data/user_data/vhsingh/checkpoints/mix_49E_200H
+ /var/spool/slurmd/job5321927/slurm_script:47: mkdir -p /data/user_data/vhsingh/checkpoints/mix_49E_200H
++ /var/spool/slurmd/job5321927/slurm_script:48: tail -n1
++ /var/spool/slurmd/job5321927/slurm_script:48: ls -d -v '/data/user_data/vhsingh/checkpoints/mix_49E_200H/checkpoint-*'
++ /var/spool/slurmd/job5321927/slurm_script:48: true
+ /var/spool/slurmd/job5321927/slurm_script:48: LATEST=
+ /var/spool/slurmd/job5321927/slurm_script:49: [[ -d '' ]]
+ /var/spool/slurmd/job5321927/slurm_script:49: RESUME=
+ /var/spool/slurmd/job5321927/slurm_script:54: python -m scripts.train --easy-train 49 --hard-train 200 --data_path /data/group_data/sage_lab_complex_geometry/new_FPO_dataset/FPO_Cylinder_Hole_Location_3000.npy /data/group_data/sage_lab_complex_geometry/FPO_Cylinder_Multiple_Holes_3200_Normalised.npy --config /home/vhsingh/Geo-UPSplus/Autoregressive_Baseline_Scripts/config/config.yaml --checkpoint_root /data/user_data/vhsingh/checkpoints/mix_49E_200H
Traceback (most recent call last):
  File "<frozen runpy>", line 198, in _run_module_as_main
  File "<frozen runpy>", line 88, in _run_code
  File "/home/vhsingh/Geo-UPSplus/Autoregressive_Baseline_Scripts/scripts/train.py", line 20, in <module>
    import wandb
  File "/home/vhsingh/miniconda3/envs/Research/lib/python3.12/site-packages/wandb/__init__.py", line 22, in <module>
    from wandb.sdk.lib import wb_logging as _wb_logging
  File "/home/vhsingh/miniconda3/envs/Research/lib/python3.12/site-packages/wandb/sdk/__init__.py", line 24, in <module>
    from . import wandb_helper as helper
  File "/home/vhsingh/miniconda3/envs/Research/lib/python3.12/site-packages/wandb/sdk/wandb_helper.py", line 6, in <module>
    from .lib import config_util
  File "/home/vhsingh/miniconda3/envs/Research/lib/python3.12/site-packages/wandb/sdk/lib/__init__.py", line 2, in <module>
    from .disabled import RunDisabled, SummaryDisabled
  File "/home/vhsingh/miniconda3/envs/Research/lib/python3.12/site-packages/wandb/sdk/lib/disabled.py", line 3, in <module>
    from wandb.sdk.lib import deprecate
  File "/home/vhsingh/miniconda3/envs/Research/lib/python3.12/site-packages/wandb/sdk/lib/deprecate.py", line 7, in <module>
    from wandb.proto.wandb_telemetry_pb2 import Deprecated as TelemetryDeprecated
ImportError: cannot import name 'Deprecated' from 'wandb.proto.wandb_telemetry_pb2' (/home/vhsingh/miniconda3/envs/Research/lib/python3.12/site-packages/wandb/proto/wandb_telemetry_pb2.py)
