2025-01-25 20:22:18,194 - INFO - Created folder: CE_KH_openfoam/Design_Point_0_copy_1
2025-01-25 20:22:19,208 - INFO - Created folder: CE_KH_openfoam/Design_Point_0_copy_2
2025-01-25 20:22:20,230 - INFO - The center of the hole is:0.65625
2025-01-25 20:22:20,230 - INFO - The center of the hole is:0.6875
2025-01-25 20:22:20,230 - INFO - The initial calculated x_min is:0.59375
2025-01-25 20:22:20,230 - INFO - The initial calculated x_max is:0.71875
2025-01-25 20:22:20,230 - INFO - The initial calculated y_min is:0.625
2025-01-25 20:22:20,230 - INFO - The initial calculated y_max is:0.75
2025-01-25 20:22:20,230 - INFO - Processing folder CE_KH_openfoam/Design_Point_0_copy_1 with hole center (64.0000, 20.0000)
2025-01-25 20:22:20,562 - INFO - Generated alpha0: [0.33131583 0.51988316 0.26383491 0.33946401]
2025-01-25 20:22:20,563 - INFO - Generated beta0: [0.66585154 0.4341944  0.57003875 0.13029859]
2025-01-25 20:22:20,563 - INFO - Generated alpha1: [0.15724354 0.50161538 0.74132904 0.70674966]
2025-01-25 20:22:20,564 - INFO - Generated beta1: [0.42669074 0.87454854 0.80044858 0.50381212]
2025-01-25 20:22:20,567 - INFO - rho_field statistics: min=1.0, max=2.0, mean=1.5001220703125
2025-01-25 20:22:20,567 - INFO - vx_field statistics: min=-0.5, max=0.5, mean=-0.0001220703125
2025-01-25 20:22:20,567 - INFO - vy_field statistics: min=0.0, max=0.0, mean=0.0
2025-01-25 20:22:20,568 - INFO - p_field statistics: min=2.5, max=2.5, mean=2.5
2025-01-25 20:22:20,568 - INFO - T_field statistics: min=0.004355400696864111, max=0.008710801393728223, mean=0.006532569380172037
2025-01-25 20:22:20,592 - INFO - Block-ordered enumeration: total valid cells = 16320
2025-01-25 20:22:20,602 - INFO - Wrote scalar field 'rho' with 16320 entries to CE_KH_openfoam/Design_Point_0_copy_1/0/rho
2025-01-25 20:22:20,611 - INFO - Wrote scalar field 'p' with 16320 entries to CE_KH_openfoam/Design_Point_0_copy_1/0/p
2025-01-25 20:22:20,620 - INFO - Wrote scalar field 'T' with 16320 entries to CE_KH_openfoam/Design_Point_0_copy_1/0/T
2025-01-25 20:22:20,636 - INFO - Wrote vector field 'U' with 16320 entries to CE_KH_openfoam/Design_Point_0_copy_1/0/U
2025-01-25 20:22:20,636 - INFO - All fields have been written successfully in block order.
2025-01-25 20:22:20,636 - INFO - U file generated successfully in folder: CE_KH_openfoam/Design_Point_0_copy_1
2025-01-25 20:22:31,584 - INFO - rhoPimpleFoam simulation completed successfully in folder: CE_KH_openfoam/Design_Point_0_copy_1
2025-01-25 20:22:31,584 - INFO - Running postProcess to generate cell centers in folder: CE_KH_openfoam/Design_Point_0_copy_1
2025-01-25 20:22:32,741 - INFO - Cell center coordinates generated successfully in folder: CE_KH_openfoam/Design_Point_0_copy_1
2025-01-25 20:22:32,783 - INFO - Validation passed for folder CE_KH_openfoam/Design_Point_0_copy_1: missing_x=8, missing_y=8.
2025-01-25 20:22:32,783 - INFO - Processing folder CE_KH_openfoam/Design_Point_0_copy_2 with hole center (84.0000, 88.0000)
2025-01-25 20:22:33,111 - INFO - Generated alpha0: [0.85006612 0.2288155  0.83184567 0.43285158]
2025-01-25 20:22:33,112 - INFO - Generated beta0: [0.36482807 0.71315273 0.65935127 0.86082974]
2025-01-25 20:22:33,112 - INFO - Generated alpha1: [0.47281138 0.37392554 0.82269373 0.21166822]
2025-01-25 20:22:33,113 - INFO - Generated beta1: [0.56626799 0.06676703 0.199966   0.48708506]
2025-01-25 20:22:33,115 - INFO - rho_field statistics: min=1.0, max=2.0, mean=1.50048828125
2025-01-25 20:22:33,115 - INFO - vx_field statistics: min=-0.5, max=0.5, mean=-0.00048828125
2025-01-25 20:22:33,115 - INFO - vy_field statistics: min=0.0, max=0.0, mean=0.0
2025-01-25 20:22:33,116 - INFO - p_field statistics: min=2.5, max=2.5, mean=2.5
2025-01-25 20:22:33,116 - INFO - T_field statistics: min=0.004355400696864111, max=0.008710801393728223, mean=0.006530974384799651
2025-01-25 20:22:33,137 - INFO - Block-ordered enumeration: total valid cells = 16320
2025-01-25 20:22:33,147 - INFO - Wrote scalar field 'rho' with 16320 entries to CE_KH_openfoam/Design_Point_0_copy_2/0/rho
2025-01-25 20:22:33,156 - INFO - Wrote scalar field 'p' with 16320 entries to CE_KH_openfoam/Design_Point_0_copy_2/0/p
2025-01-25 20:22:33,165 - INFO - Wrote scalar field 'T' with 16320 entries to CE_KH_openfoam/Design_Point_0_copy_2/0/T
2025-01-25 20:22:33,181 - INFO - Wrote vector field 'U' with 16320 entries to CE_KH_openfoam/Design_Point_0_copy_2/0/U
2025-01-25 20:22:33,181 - INFO - All fields have been written successfully in block order.
2025-01-25 20:22:33,181 - INFO - U file generated successfully in folder: CE_KH_openfoam/Design_Point_0_copy_2
2025-01-25 20:22:44,048 - INFO - rhoPimpleFoam simulation completed successfully in folder: CE_KH_openfoam/Design_Point_0_copy_2
2025-01-25 20:22:44,048 - INFO - Running postProcess to generate cell centers in folder: CE_KH_openfoam/Design_Point_0_copy_2
2025-01-25 20:22:45,232 - INFO - Cell center coordinates generated successfully in folder: CE_KH_openfoam/Design_Point_0_copy_2
2025-01-25 20:22:45,269 - INFO - Validation passed for folder CE_KH_openfoam/Design_Point_0_copy_2: missing_x=8, missing_y=8.
2025-01-25 20:22:45,273 - INFO - Sim data saved to CE_KH_openfoam/sim_data_with_contents.json
2025-01-25 20:22:45,273 - INFO - Parsing simulation folder CE_KH_openfoam/Design_Point_0_copy_1
2025-01-25 20:22:46,053 - INFO - Parsing simulation folder CE_KH_openfoam/Design_Point_0_copy_2
2025-01-25 20:22:46,819 - WARNING - Simulation CE_KH_openfoam/Design_Point_0_copy_2 has different time steps than the first simulation. This code assumes consistent time steps across simulations.
2025-01-25 20:22:46,833 - INFO - Saved final results with shape: (2, 21, 16320, 4)
2025-01-25 20:24:42,469 - INFO - Created folder: CE_CRP_openfoam/Design_Point_0_copy_1
2025-01-25 20:24:43,483 - INFO - Created folder: CE_CRP_openfoam/Design_Point_0_copy_2
2025-01-25 20:24:44,505 - INFO - The center of the hole is:0.9140625
2025-01-25 20:24:44,505 - INFO - The center of the hole is:0.6171875
2025-01-25 20:24:44,505 - INFO - The initial calculated x_min is:0.8515625
2025-01-25 20:24:44,505 - INFO - The initial calculated x_max is:0.9765625
2025-01-25 20:24:44,505 - INFO - The initial calculated y_min is:0.5546875
2025-01-25 20:24:44,505 - INFO - The initial calculated y_max is:0.6796875
2025-01-25 20:24:44,505 - INFO - Processing folder CE_CRP_openfoam/Design_Point_0_copy_1 with hole center (37.0000, 101.0000)
2025-01-25 20:24:44,865 - INFO - Generated alpha_x: [[ 0.08651943  0.06611646  0.08949725 -0.00311796]
 [-0.08593041 -0.08642897 -0.09930401  0.04414412]
 [ 0.0363023   0.03709239  0.09561116 -0.04953547]
 [ 0.05809161  0.07472336  0.08681094  0.01798501]]
2025-01-25 20:24:44,866 - INFO - Generated alpha_y: [[-0.00809693  0.0647937  -0.03071066 -0.04805401]
 [ 0.04317948 -0.0054064   0.035177    0.04476433]
 [ 0.09959536  0.03586229 -0.01820426  0.06952617]
 [-0.00045477 -0.03600193 -0.00166807  0.02419758]]
2025-01-25 20:24:44,867 - INFO - Generated beta_x: [[0.35936969 0.01002055 0.8224435  0.27595111]
 [0.49922704 0.40742703 0.89247763 0.56228534]
 [0.95417042 0.92321584 0.10845895 0.03995439]
 [0.13509795 0.07975529 0.36169663 0.68466434]]
2025-01-25 20:24:44,867 - INFO - Generated beta_y: [[0.77041557 0.21911791 0.25717269 0.35222633]
 [0.42861635 0.2255009  0.36051733 0.22009143]
 [0.71404696 0.34969766 0.76380352 0.53312904]
 [0.48858034 0.64177217 0.70364218 0.24358824]]
2025-01-25 20:24:44,868 - INFO - Generated random values for rho: [[0.86701069 0.80791789 0.33349125 0.68431815]
 [0.66934091 0.83901998 0.74619587 0.8301376 ]
 [0.10333638 0.94445943 0.5750788  0.38064053]
 [0.49786064 0.65893464 0.5358033  0.87755891]]
2025-01-25 20:24:44,869 - INFO - Generated random values for p: [[0.92773016 0.29866695 0.44266069 0.66969793]
 [0.84588027 0.55499549 0.88574753 0.65185874]
 [0.63131768 0.7375296  0.31280295 0.69016539]
 [0.14421131 0.27305116 0.73647389 0.74226574]]
2025-01-25 20:24:44,869 - INFO - Generated random values for Ux: [[ 0.89827103 -0.73114906  0.85324865  0.87098417]
 [-0.48103122  0.42211518 -0.8550601   0.33210382]
 [-0.61304361  0.82225854 -0.50596828  0.41826645]
 [ 0.70557855 -0.87396818 -0.02401209 -0.85132047]]
2025-01-25 20:24:44,870 - INFO - Generated random values for Uy: [[ 0.48081774  0.83537999  0.9745559  -0.47732828]
 [-0.37797421 -0.43305106 -0.7932772  -0.66180351]
 [ 0.65988151 -0.93209924 -0.10714786 -0.55349752]
 [-0.8960367   0.95931931  0.40700467  0.37124795]]
2025-01-25 20:24:45,761 - INFO - Wrote scalar field 'rho' with 16320 entries to CE_CRP_openfoam/Design_Point_0_copy_1/0/rho
2025-01-25 20:24:45,771 - INFO - Wrote scalar field 'p' with 16320 entries to CE_CRP_openfoam/Design_Point_0_copy_1/0/p
2025-01-25 20:24:45,780 - INFO - Wrote scalar field 'T' with 16320 entries to CE_CRP_openfoam/Design_Point_0_copy_1/0/T
2025-01-25 20:24:45,798 - INFO - Wrote vector field 'U' with 16320 entries to CE_CRP_openfoam/Design_Point_0_copy_1/0/U
2025-01-25 20:25:08,506 - INFO - rhoPimpleFoam simulation completed successfully in folder: CE_CRP_openfoam/Design_Point_0_copy_1
2025-01-25 20:25:08,506 - INFO - Running postProcess to generate cell centers in folder: CE_CRP_openfoam/Design_Point_0_copy_1
2025-01-25 20:25:09,741 - INFO - Cell center coordinates generated successfully in folder: CE_CRP_openfoam/Design_Point_0_copy_1
2025-01-25 20:25:09,782 - INFO - Validation passed for folder CE_CRP_openfoam/Design_Point_0_copy_1: missing_x=8, missing_y=8.
2025-01-25 20:25:09,783 - INFO - Processing folder CE_CRP_openfoam/Design_Point_0_copy_2 with hole center (117.0000, 79.0000)
2025-01-25 20:25:10,116 - INFO - Generated alpha_x: [[-0.01234201  0.08774023  0.01215246 -0.06130718]
 [ 0.06019092 -0.01327456  0.0674404   0.00497836]
 [-0.07070474  0.00552749  0.09381048  0.02354442]
 [ 0.02339488 -0.09560798  0.00506011 -0.06760891]]
2025-01-25 20:25:10,117 - INFO - Generated alpha_y: [[ 0.05724404  0.0991279   0.00506397 -0.00153106]
 [-0.08579428 -0.04331422 -0.02368173 -0.00470143]
 [ 0.08422655  0.07008079 -0.04179143  0.09575544]
 [-0.06294754 -0.00275153  0.0572128   0.07138261]]
2025-01-25 20:25:10,118 - INFO - Generated beta_x: [[0.3589166  0.75466086 0.22446612 0.03230184]
 [0.81439312 0.37535926 0.40006084 0.42892747]
 [0.17687732 0.73350451 0.54943969 0.04957891]
 [0.84767241 0.39885314 0.80757758 0.45238318]]
2025-01-25 20:25:10,118 - INFO - Generated beta_y: [[0.56907488 0.16348001 0.16353583 0.12572532]
 [0.03345861 0.8951986  0.2595514  0.47263772]
 [0.1841302  0.92212784 0.85391934 0.7407    ]
 [0.87180474 0.94518827 0.60791677 0.32619072]]
2025-01-25 20:25:10,119 - INFO - Generated random values for rho: [[0.69158401 0.48263893 0.95184779 0.21783345]
 [0.94644573 0.38589965 0.93174109 0.2378731 ]
 [0.81025771 0.28250083 0.47439252 0.15532848]
 [0.48398919 0.11957206 0.21396404 0.94880279]]
2025-01-25 20:25:10,120 - INFO - Generated random values for p: [[0.17808486 0.97561285 0.11548672 0.89888038]
 [0.98899378 0.71887676 0.12546994 0.30431961]
 [0.2036049  0.72289743 0.43426299 0.89459799]
 [0.55183748 0.10462846 0.71863983 0.37139435]]
2025-01-25 20:25:10,120 - INFO - Generated random values for Ux: [[-0.82376276 -0.69898747  0.54406182 -0.04259832]
 [ 0.98172924 -0.58374523 -0.73298216 -0.03948287]
 [ 0.94482583  0.30351462  0.63320656 -0.91428045]
 [ 0.69629876 -0.88828882  0.5038581  -0.27768435]]
2025-01-25 20:25:10,121 - INFO - Generated random values for Uy: [[ 0.06190087  0.18008073  0.664647    0.51404915]
 [ 0.2767398  -0.81269855 -0.62950266  0.77997202]
 [-0.45311632 -0.39696013 -0.25641793 -0.53443369]
 [ 0.59455032  0.35140435  0.40937145 -0.45447229]]
2025-01-25 20:25:10,997 - INFO - Wrote scalar field 'rho' with 16320 entries to CE_CRP_openfoam/Design_Point_0_copy_2/0/rho
2025-01-25 20:25:11,007 - INFO - Wrote scalar field 'p' with 16320 entries to CE_CRP_openfoam/Design_Point_0_copy_2/0/p
2025-01-25 20:25:11,016 - INFO - Wrote scalar field 'T' with 16320 entries to CE_CRP_openfoam/Design_Point_0_copy_2/0/T
2025-01-25 20:25:11,034 - INFO - Wrote vector field 'U' with 16320 entries to CE_CRP_openfoam/Design_Point_0_copy_2/0/U
2025-01-25 20:25:35,743 - INFO - rhoPimpleFoam simulation completed successfully in folder: CE_CRP_openfoam/Design_Point_0_copy_2
2025-01-25 20:25:35,743 - INFO - Running postProcess to generate cell centers in folder: CE_CRP_openfoam/Design_Point_0_copy_2
2025-01-25 20:25:36,916 - INFO - Cell center coordinates generated successfully in folder: CE_CRP_openfoam/Design_Point_0_copy_2
2025-01-25 20:25:36,954 - INFO - Validation passed for folder CE_CRP_openfoam/Design_Point_0_copy_2: missing_x=8, missing_y=8.
2025-01-25 20:25:36,960 - INFO - Sim data saved to CE_CRP_openfoam/sim_data_with_contents.json
2025-01-25 20:25:36,960 - INFO - Parsing simulation folder CE_CRP_openfoam/Design_Point_0_copy_1
2025-01-25 20:25:37,717 - INFO - Parsing simulation folder CE_CRP_openfoam/Design_Point_0_copy_2
2025-01-25 20:25:38,466 - WARNING - Simulation CE_CRP_openfoam/Design_Point_0_copy_2 has different time steps than the first simulation. This code assumes consistent time steps across simulations.
2025-01-25 20:25:38,479 - INFO - Saved final results with shape: (2, 21, 16320, 4)
