2025-04-26 19:02:28,602 - INFO - The center of the hole is:1.0625
2025-04-26 19:02:28,602 - INFO - The center of the hole is:1.1875
2025-04-26 19:02:28,602 - INFO - The initial calculated x_min is:0.9375
2025-04-26 19:02:28,602 - INFO - The initial calculated x_max is:1.1875
2025-04-26 19:02:28,602 - INFO - The initial calculated y_min is:1.0625
2025-04-26 19:02:28,602 - INFO - The initial calculated y_max is:1.3125
2025-04-26 19:02:28,626 - INFO - Created folder: Hole_Location_Design_Point_0_copy_1
2025-04-26 19:02:29,627 - INFO - Processing folder Hole_Location_Design_Point_0_copy_1 with hole center (68.0000, 76.0000)
2025-04-26 19:02:29,753 - INFO - Updated Hole_Location_Design_Point_0_copy_1/0/U with nonuniform parabolic inlet velocities.
2025-04-26 19:02:29,754 - INFO - Updated Hole_Location_Design_Point_0_copy_1/0/U: Umax set to 0.019993360543619464 (Re: 2613.511182172479)
2025-04-26 19:02:29,754 - INFO - Saved Umax value 0.019993360543619464 in Hole_Location_Design_Point_0_copy_1/Umax.txt
2025-04-26 19:16:55,931 - INFO - icoFoam simulation completed successfully in folder: Hole_Location_Design_Point_0_copy_1
2025-04-26 19:16:55,931 - INFO - Running postProcess to generate cell centers in folder: Hole_Location_Design_Point_0_copy_1
2025-04-26 19:16:56,475 - INFO - Cell center coordinates generated successfully in folder: Hole_Location_Design_Point_0_copy_1
2025-04-26 19:16:56,496 - INFO - Validation passed for folder Hole_Location_Design_Point_0_copy_1
2025-04-26 19:16:56,756 - INFO - Sim data saved to /data/user_data/vhsingh/FPO_cylinder_hole_location/2sim_data_batch_1.json
2025-04-26 19:16:56,756 - INFO - Umax for simulation Hole_Location_Design_Point_0_copy_1 is 0.019993360543619464
2025-04-26 19:16:57,252 - INFO - Folder Hole_Location_Design_Point_0_copy_1 => sim_array shape: (20, 16128, 4) (timesteps, num_cells, 4)
2025-04-26 19:16:57,252 - INFO - Time directories: ['105', '210', '315', '420', '525', '630', '735', '840', '945', '1050', '1155', '1260', '1365', '1470', '1575', '1680', '1785', '1890', '1995', '2100']
2025-04-26 19:16:57,268 - INFO - Folder Hole_Location_Design_Point_0_copy_1 => 16128 cell centers parsed.
2025-04-26 19:16:57,429 - INFO - Folder Hole_Location_Design_Point_0_copy_1 reshaped to: (20, 128, 128, 6)
2025-04-26 19:16:57,593 - INFO - Batch 1 dataset shape: (1, 20, 128, 128, 6) saved as /data/user_data/vhsingh/FPO_cylinder_hole_location/2results_batch_1.npy
2025-04-26 19:16:57,637 - INFO - Deleted folder Hole_Location_Design_Point_0_copy_1
2025-04-26 19:16:57,637 - INFO - Total execution time: 869.04 seconds
