2025-04-04 23:13:44,114 - INFO - Created folder: Design_Point_0_copy_1
2025-04-04 23:13:45,114 - INFO - Processing folder Design_Point_0_copy_1 with 4 holes.
2025-04-04 23:13:45,383 - INFO - Updated Design_Point_0_copy_1/0/U: Umax set to 0.08648710001185936
2025-04-04 23:13:45,383 - INFO - Updated Design_Point_0_copy_1/0/U: Umax set to 0.08648710001185936
2025-04-04 23:13:45,383 - INFO - Saved Umax value 0.08648710001185936 in Design_Point_0_copy_1/Umax.txt
2025-04-04 23:13:45,383 - INFO - Running postProcess to generate cell centers in folder: Design_Point_0_copy_1
2025-04-04 23:13:45,628 - INFO - Cell center coordinates generated successfully in folder: Design_Point_0_copy_1
2025-04-04 23:16:16,627 - INFO - rhoPimpleFoam simulation completed successfully in folder: Design_Point_0_copy_1
2025-04-04 23:16:16,627 - INFO - Simulation for Design_Point_0_copy_1 completed in 151.51 seconds
2025-04-04 23:16:16,634 - INFO - Sim data saved to sim_data_batch_0.json
2025-04-04 23:16:16,634 - INFO - Umax for simulation Design_Point_0_copy_1 is 0.08648710001185936
2025-04-04 23:16:16,635 - INFO - Skipping timestep 0 in Design_Point_0_copy_1 due to uniform field.
2025-04-04 23:16:17,705 - INFO - Folder Design_Point_0_copy_1 => sim_array shape: (20, 16128, 5) (timesteps, num_cells, 4)
2025-04-04 23:16:17,705 - INFO - Time directories: ['24.9593', '49.9593', '74.9593', '99.9593', '124.9593', '149.9593', '174.9593', '199.9593', '224.9593', '249.9593', '274.9593', '299.9593', '324.9593', '349.9593', '374.9593', '399.9593', '424.9593', '449.9593', '474.9593', '499.9593']
2025-04-04 23:16:17,725 - INFO - Folder Design_Point_0_copy_1 => 16128 cell centers parsed.
2025-04-04 23:16:18,297 - INFO - Folder Design_Point_0_copy_1 reshaped to: (20, 128, 128, 9)
2025-04-04 23:16:18,311 - INFO - Batch 0 dataset shape: (1, 20, 128, 128, 9) saved as all_sims_data_batch_0.npy
2025-04-04 23:16:18,320 - INFO - Deleted folder Design_Point_0_copy_1
2025-04-04 23:16:18,320 - INFO - Total execution time: 154.21 seconds
2025-04-04 22:23:16,928 - INFO - Created folder: Design_Point_0_copy_1
2025-04-04 22:23:17,933 - INFO - Created folder: Design_Point_0_copy_2
2025-04-04 22:23:18,934 - INFO - Processing folder Design_Point_0_copy_1 with 6 holes.
2025-04-04 22:25:44,280 - ERROR - Error copying folder: [Errno 17] File exists: 'Design_Point_0_copy_1'
2025-04-04 22:25:44,281 - ERROR - Error copying folder: [Errno 17] File exists: 'Design_Point_0_copy_2'
2025-04-04 22:25:44,281 - WARNING - No valid simulations in this batch.
2025-04-04 22:25:44,281 - INFO - Total execution time: 0.01 seconds
2025-04-04 22:26:05,164 - INFO - Created folder: Design_Point_0_copy_1
2025-04-04 22:26:06,170 - INFO - Created folder: Design_Point_0_copy_2
2025-04-04 22:26:07,172 - INFO - Processing folder Design_Point_0_copy_1 with 10 holes.
2025-04-04 22:26:07,363 - INFO - Updated Design_Point_0_copy_1/0/U with nonuniform parabolic inlet velocities.
2025-04-04 22:26:07,363 - INFO - Updated Design_Point_0_copy_1/0/U: Umax set to 0.05254068473436278 (Re: 6868.063363968991)
2025-04-04 22:26:07,364 - INFO - Saved Umax value 0.05254068473436278 in Design_Point_0_copy_1/Umax.txt
2025-04-04 22:26:07,364 - INFO - Running postProcess to generate cell centers in folder: Design_Point_0_copy_1
2025-04-04 22:26:07,876 - INFO - Cell center coordinates generated successfully in folder: Design_Point_0_copy_1
2025-04-04 22:30:09,163 - INFO - icoFoam simulation completed successfully in folder: Design_Point_0_copy_1
2025-04-04 22:30:09,163 - INFO - Simulation for Design_Point_0_copy_1 completed in 241.99 seconds
2025-04-04 22:30:09,164 - INFO - Processing folder Design_Point_0_copy_2 with 5 holes.
2025-04-04 22:30:09,336 - INFO - Updated Design_Point_0_copy_2/0/U with nonuniform parabolic inlet velocities.
2025-04-04 22:30:09,336 - INFO - Updated Design_Point_0_copy_2/0/U: Umax set to 0.053384434536118866 (Re: 6978.357455701813)
2025-04-04 22:30:09,336 - INFO - Saved Umax value 0.053384434536118866 in Design_Point_0_copy_2/Umax.txt
2025-04-04 22:30:09,336 - INFO - Running postProcess to generate cell centers in folder: Design_Point_0_copy_2
2025-04-04 22:30:09,510 - INFO - Cell center coordinates generated successfully in folder: Design_Point_0_copy_2
2025-04-04 22:31:43,342 - INFO - Created folder: Design_Point_0_copy_1
2025-04-04 22:31:44,343 - INFO - Processing folder Design_Point_0_copy_1 with 10 holes.
2025-04-04 22:31:44,535 - INFO - Updated Design_Point_0_copy_1/0/U with nonuniform parabolic inlet velocities.
2025-04-04 22:31:44,536 - INFO - Updated Design_Point_0_copy_1/0/U: Umax set to 0.0728069139347213 (Re: 9517.243651597557)
2025-04-04 22:31:44,536 - INFO - Saved Umax value 0.0728069139347213 in Design_Point_0_copy_1/Umax.txt
2025-04-04 22:31:44,536 - INFO - Running postProcess to generate cell centers in folder: Design_Point_0_copy_1
2025-04-04 22:31:44,713 - INFO - Cell center coordinates generated successfully in folder: Design_Point_0_copy_1
2025-04-04 22:35:53,827 - INFO - icoFoam simulation completed successfully in folder: Design_Point_0_copy_1
2025-04-04 22:35:53,827 - INFO - Simulation for Design_Point_0_copy_1 completed in 249.48 seconds
2025-04-04 22:35:53,831 - INFO - Sim data saved to /data/user_data/namancho/FPO_Cylinder_Multiple_Holes/sim_data_batch_0.json
2025-04-04 22:35:53,831 - INFO - Umax for simulation Design_Point_0_copy_1 is 0.0728069139347213
2025-04-04 22:35:53,832 - INFO - Skipping timestep 0 in Design_Point_0_copy_1 due to uniform field.
2025-04-04 22:35:54,591 - INFO - Folder Design_Point_0_copy_1 => sim_array shape: (20, 15744, 4) (timesteps, num_cells, 4)
2025-04-04 22:35:54,591 - INFO - Time directories: ['25', '50', '75', '100', '125', '150', '175', '200', '225', '250', '275', '300', '325', '350', '375', '400', '425', '450', '475', '500']
2025-04-04 22:35:54,611 - INFO - Folder Design_Point_0_copy_1 => 15744 cell centers parsed.
2025-04-04 22:35:55,247 - INFO - Folder Design_Point_0_copy_1 reshaped to: (20, 128, 128, 6)
2025-04-04 22:35:55,257 - INFO - Batch 0 dataset shape: (1, 20, 128, 128, 6) saved as /data/user_data/namancho/FPO_Cylinder_Multiple_Holes/results_batch_0.npy
2025-04-04 22:35:55,284 - INFO - Deleted folder Design_Point_0_copy_1
2025-04-04 22:35:55,284 - INFO - Total execution time: 251.96 seconds
2025-04-04 22:38:24,278 - INFO - Created folder: Design_Point_0_copy_1
2025-04-04 22:38:25,286 - INFO - Created folder: Design_Point_0_copy_2
2025-04-04 22:38:26,287 - INFO - Processing folder Design_Point_0_copy_1 with 4 holes.
2025-04-04 22:38:26,464 - INFO - Updated Design_Point_0_copy_1/0/U with nonuniform parabolic inlet velocities.
2025-04-04 22:38:26,465 - INFO - Updated Design_Point_0_copy_1/0/U: Umax set to 0.07058066334497946 (Re: 9226.230502611696)
2025-04-04 22:38:26,465 - INFO - Saved Umax value 0.07058066334497946 in Design_Point_0_copy_1/Umax.txt
2025-04-04 22:38:26,465 - INFO - Running postProcess to generate cell centers in folder: Design_Point_0_copy_1
2025-04-04 22:38:26,648 - INFO - Cell center coordinates generated successfully in folder: Design_Point_0_copy_1
2025-04-04 22:49:15,919 - INFO - Created folder: Design_Point_0_copy_1
2025-04-04 22:49:16,920 - INFO - Processing folder Design_Point_0_copy_1 with 4 holes.
2025-04-04 22:49:17,097 - INFO - Updated Design_Point_0_copy_1/0/U with nonuniform parabolic inlet velocities.
2025-04-04 22:49:17,098 - INFO - Updated Design_Point_0_copy_1/0/U: Umax set to 0.04786198793669156 (Re: 6256.46901133223)
2025-04-04 22:49:17,098 - INFO - Saved Umax value 0.04786198793669156 in Design_Point_0_copy_1/Umax.txt
2025-04-04 22:49:17,098 - INFO - Running postProcess to generate cell centers in folder: Design_Point_0_copy_1
2025-04-04 22:49:17,282 - INFO - Cell center coordinates generated successfully in folder: Design_Point_0_copy_1
