2024-12-23 05:35:24,507 - INFO - Generated alpha_x: [[-0.09868848  0.07145939 -0.09037935 -0.05516264]
 [ 0.07806802 -0.04233266  0.09334909 -0.06911262]
 [-0.02348089 -0.04229704  0.05338369  0.01171971]
 [ 0.02099568  0.08760039 -0.0747151  -0.04192036]]
2024-12-23 05:35:24,508 - INFO - Generated alpha_y: [[ 0.00848033 -0.09485264  0.04371338  0.07796245]
 [ 0.04805956  0.07171387 -0.03358359  0.03728263]
 [-0.09031675  0.09113159  0.04353319  0.07277144]
 [-0.08272454  0.04613816 -0.00315437  0.04431691]]
2024-12-23 05:35:24,508 - INFO - Generated beta_x: [[0.06437835 0.29072208 0.30598833 0.13447197]
 [0.96671409 0.61620266 0.23049487 0.42265743]
 [0.26060978 0.426617   0.31472639 0.16197661]
 [0.66862666 0.30933491 0.905388   0.17201467]]
2024-12-23 05:35:24,508 - INFO - Generated beta_y: [[0.12410432 0.0882135  0.11514061 0.28427621]
 [0.30782262 0.47086144 0.04093708 0.67682257]
 [0.37721994 0.10564563 0.7648032  0.33183147]
 [0.86541261 0.71841838 0.98736367 0.37168068]]
2024-12-23 05:35:24,509 - INFO - Generated random values for rho: [[0.74555073 0.4419218  0.89048721 0.61038702]
 [0.81317059 0.4197356  0.3389127  0.59412436]
 [0.7107871  0.12958837 0.88380289 0.36924048]
 [0.87368677 0.44521202 0.76182339 0.75743434]]
2024-12-23 05:35:24,509 - INFO - Generated random values for p: [[0.92968698 0.96122539 0.94104029 0.40350771]
 [0.1432642  0.25139877 0.16153499 0.17517625]
 [0.32359722 0.2226498  0.95194348 0.68093334]
 [0.87694419 0.63562883 0.22701477 0.30080853]]
2024-12-23 05:35:24,510 - INFO - Generated random values for Ux: [[-0.45562145 -0.33626631 -0.36417286 -0.74141957]
 [ 0.9119764  -0.70401309 -0.50810338  0.31249256]
 [-0.69843016 -0.3053069  -0.80645952  0.13507231]
 [-0.03926048  0.73652801 -0.68480742  0.72278411]]
2024-12-23 05:35:24,510 - INFO - Generated random values for Uy: [[ 0.18598025  0.92483113 -0.28801517 -0.1781307 ]
 [ 0.27681574 -0.28656153 -0.9541795  -0.63982871]
 [-0.27946363 -0.81623547  0.41642125  0.22107743]
 [ 0.12962082 -0.24278915 -0.18416979  0.67258338]]
2024-12-23 06:16:34,412 - INFO - Generated alpha_x: [[ 0.03773048  0.08562511 -0.04878244 -0.02191214]
 [-0.02524429 -0.02427544 -0.00532065  0.08007956]
 [-0.06350353  0.00420625  0.09815155 -0.06156322]
 [ 0.08524623 -0.06492924 -0.00891106  0.0879568 ]]
2024-12-23 06:16:34,412 - INFO - Generated alpha_y: [[ 0.0113663   0.00974151  0.04096207 -0.03407399]
 [ 0.03049222 -0.09893828 -0.04171169  0.01404172]
 [-0.00674592 -0.05913272  0.07624278  0.00748799]
 [-0.0145217   0.0993986   0.02528371 -0.07733658]]
2024-12-23 06:16:34,413 - INFO - Generated beta_x: [[0.08896753 0.21291599 0.49440562 0.77288015]
 [0.6186803  0.78124646 0.10402995 0.38259669]
 [0.76426479 0.3231788  0.55594094 0.16692591]
 [0.56739032 0.73379231 0.90656652 0.76874248]]
2024-12-23 06:16:34,413 - INFO - Generated beta_y: [[0.67514446 0.03552191 0.78836259 0.47193267]
 [0.32889054 0.37743217 0.61905175 0.36077071]
 [0.12153661 0.76376418 0.23252837 0.56897835]
 [0.52373708 0.64719809 0.3380984  0.96328055]]
2024-12-23 06:16:34,413 - INFO - Generated random values for rho: [[0.99774804 0.49739005 0.72210447 0.89879951]
 [0.55713759 0.60587649 0.41030141 0.94053934]
 [0.1302263  0.56022634 0.83154121 0.18638816]
 [0.57959737 0.73933689 0.99573088 0.56703638]]
2024-12-23 06:16:34,414 - INFO - Generated random values for p: [[0.30916258 0.99740972 0.66176975 0.53926676]
 [0.87648191 0.14544393 0.69519253 0.55171358]
 [0.61017682 0.66104097 0.23833046 0.55208672]
 [0.21194272 0.85746822 0.20248304 0.40439105]]
2024-12-23 06:16:34,414 - INFO - Generated random values for Ux: [[-0.81561816  0.3279322   0.58375027 -0.29953233]
 [-0.04671526  0.48753478 -0.01118359 -0.00612087]
 [-0.80700784 -0.08278374 -0.52385779 -0.15655482]
 [-0.00441596  0.10047639  0.42421006 -0.10700726]]
2024-12-23 06:16:34,414 - INFO - Generated random values for Uy: [[-0.29033915 -0.05108483  0.44631938 -0.80190056]
 [ 0.91774981  0.19781114  0.3075658  -0.40942216]
 [ 0.02247846  0.3375195  -0.49270826 -0.62282118]
 [ 0.80805775  0.44597576 -0.89900938  0.92220321]]
2024-12-23 06:16:35,290 - INFO - Number of cells in domain (outside square hole) = 16320
2024-12-23 06:19:35,247 - INFO - Generated alpha_x: [[-0.02857365 -0.01873435 -0.06998441 -0.03381174]
 [ 0.03246987  0.0279065  -0.08481322  0.04162591]
 [ 0.02530545  0.05443214 -0.03290377 -0.03693895]
 [ 0.05636424  0.0607455  -0.01650897 -0.00239722]]
2024-12-23 06:19:35,247 - INFO - Generated alpha_y: [[-0.03566598  0.03690252 -0.03842612 -0.05967111]
 [-0.01407908  0.0233212  -0.08946604 -0.02524108]
 [ 0.05810514 -0.00225419 -0.06619969  0.07863541]
 [ 0.0510954   0.01887042  0.01929049 -0.07129853]]
2024-12-23 06:19:35,248 - INFO - Generated beta_x: [[0.10210964 0.96334516 0.03362692 0.38010478]
 [0.4763709  0.00965717 0.86515367 0.49450268]
 [0.86339626 0.01345021 0.38185498 0.21085467]
 [0.11508276 0.10519821 0.16847391 0.74166139]]
2024-12-23 06:19:35,248 - INFO - Generated beta_y: [[0.96065106 0.81807558 0.52145157 0.17899666]
 [0.18937633 0.67921714 0.63453573 0.35605934]
 [0.42723409 0.79989576 0.57734862 0.06656552]
 [0.27334287 0.84097396 0.28245456 0.70222239]]
2024-12-23 06:19:35,248 - INFO - Generated random values for rho: [[0.69502965 0.75604042 0.19025606 0.80634937]
 [0.81064255 0.32635452 0.53059843 0.84585321]
 [0.52044476 0.65096764 0.29416511 0.67923502]
 [0.8067079  0.11727325 0.35972913 0.57050764]]
2024-12-23 06:19:35,249 - INFO - Generated random values for p: [[0.90333699 0.13447892 0.89152325 0.44864926]
 [0.91335569 0.97424736 0.65834285 0.70031018]
 [0.86130424 0.35618813 0.65168085 0.23444869]
 [0.8961771  0.7932247  0.25423681 0.18445756]]
2024-12-23 06:19:35,249 - INFO - Generated random values for Ux: [[-0.97653956 -0.82356932 -0.32899462 -0.34679981]
 [ 0.54339341 -0.40647366 -0.95644078 -0.98199577]
 [-0.97114282 -0.38608446 -0.44457613  0.78989184]
 [ 0.35630974 -0.29935079  0.11296046  0.35213863]]
2024-12-23 06:19:35,249 - INFO - Generated random values for Uy: [[-0.81312561 -0.26468574 -0.33988243 -0.52872805]
 [ 0.43988155 -0.20628006  0.56909871  0.16460066]
 [-0.26044757 -0.53040458  0.57314712  0.38191995]
 [-0.5347233  -0.98856387 -0.0478845  -0.21126556]]
2024-12-23 06:19:36,123 - INFO - Number of cells in domain (outside square hole) = 16320
2024-12-23 06:22:04,172 - INFO - Generated alpha_x: [[ 0.01582751  0.09488956 -0.07600686 -0.08346149]
 [ 0.03755597  0.03018583 -0.04418287 -0.06835353]
 [-0.05112824  0.09420583  0.07163135  0.05686011]
 [-0.03355375  0.0345466  -0.06598059  0.07749278]]
2024-12-23 06:22:04,173 - INFO - Generated alpha_y: [[ 0.09109511 -0.06895991  0.08131167 -0.03692153]
 [ 0.0782092   0.06471002 -0.08152798  0.01021907]
 [ 0.08951667  0.06327886  0.09207599  0.01988615]
 [-0.01391105  0.05553954  0.05683814  0.0780024 ]]
2024-12-23 06:22:04,173 - INFO - Generated beta_x: [[0.07120314 0.08979322 0.52869305 0.10036843]
 [0.28102656 0.57880372 0.18317667 0.77339506]
 [0.68471078 0.30243564 0.41292408 0.72936484]
 [0.31607403 0.89859849 0.13092765 0.1048287 ]]
2024-12-23 06:22:04,174 - INFO - Generated beta_y: [[0.95253648 0.99927588 0.24557557 0.91811935]
 [0.80766791 0.73724661 0.43449433 0.58986017]
 [0.27475695 0.51448328 0.90426102 0.83880475]
 [0.34444667 0.51185504 0.30264041 0.60938581]]
2024-12-23 06:22:04,174 - INFO - Generated random values for rho: [[0.27037158 0.45447417 0.23186146 0.61305018]
 [0.26510786 0.54937216 0.37994086 0.62492662]
 [0.62299875 0.63100697 0.74897242 0.72265054]
 [0.4361418  0.10027713 0.35506304 0.80897611]]
2024-12-23 06:22:04,174 - INFO - Generated random values for p: [[0.41826502 0.3826661  0.48077273 0.84384179]
 [0.68715978 0.51043533 0.65216775 0.5453936 ]
 [0.62877018 0.82612575 0.24589327 0.40205598]
 [0.33040723 0.51720172 0.82406851 0.62958827]]
2024-12-23 06:22:04,175 - INFO - Generated random values for Ux: [[ 0.8210048   0.03888258  0.37283315 -0.22533566]
 [ 0.42283158  0.71867859  0.78963443  0.24222843]
 [ 0.523659   -0.16956582 -0.58521104  0.30703114]
 [-0.77836835 -0.92683737 -0.54147608 -0.43653912]]
2024-12-23 06:22:04,175 - INFO - Generated random values for Uy: [[ 2.68518052e-02  8.71615629e-01 -2.52206606e-01  6.83902929e-01]
 [-5.06275516e-01 -2.10949023e-01 -7.77778928e-01  6.08629376e-01]
 [-9.62400346e-04  5.36372632e-01 -7.77600040e-01  7.53335530e-01]
 [ 6.53767661e-01 -6.97933191e-01  9.96468998e-01 -6.79789182e-01]]
2024-12-23 06:22:05,076 - INFO - Number of cells in domain (outside square hole) = 16320
2024-12-23 08:33:17,627 - INFO - Generated alpha_x: [[ 0.05126447 -0.02192111 -0.0350794  -0.0589658 ]
 [-0.06850237 -0.08790839  0.04141324  0.03299851]
 [-0.09607092 -0.04116661 -0.05539765  0.04019841]
 [ 0.03281868 -0.09341332 -0.09812349  0.00339475]]
2024-12-23 08:33:17,627 - INFO - Generated alpha_y: [[ 0.02266573 -0.09134935 -0.05214231 -0.07475536]
 [-0.04104724  0.01166399  0.08943196 -0.0887299 ]
 [-0.02405963  0.08840542  0.07090315 -0.05844379]
 [ 0.05666356 -0.06762307  0.01491407  0.03922119]]
2024-12-23 08:33:17,628 - INFO - Generated beta_x: [[0.52305    0.90889942 0.30656574 0.51550022]
 [0.36309009 0.69144386 0.53923781 0.61134613]
 [0.90042667 0.32605844 0.08056529 0.58972458]
 [0.77340346 0.6859339  0.78587239 0.73731878]]
2024-12-23 08:33:17,628 - INFO - Generated beta_y: [[0.03023258 0.61165581 0.79138843 0.24654412]
 [0.20507092 0.41857977 0.41788272 0.88238272]
 [0.18050841 0.09856316 0.31430104 0.26161936]
 [0.82947199 0.87894391 0.70103321 0.43597767]]
2024-12-23 08:33:17,629 - INFO - Generated random values for rho: [[0.7473704  0.28767923 0.69622235 0.58645647]
 [0.92700939 0.20595439 0.80571765 0.93238983]
 [0.10040877 0.32194606 0.66531435 0.66118028]
 [0.74860031 0.54605981 0.57158169 0.27691135]]
2024-12-23 08:33:17,629 - INFO - Generated random values for p: [[0.24475053 0.641266   0.64591181 0.87588022]
 [0.52255722 0.33911946 0.87270795 0.81695088]
 [0.91099939 0.44046417 0.63855413 0.10785152]
 [0.62424762 0.12422731 0.68331304 0.93310094]]
2024-12-23 08:33:17,629 - INFO - Generated random values for Ux: [[-0.38058678  0.99854867 -0.64822896  0.70544934]
 [-0.56703393  0.40040886  0.18772474 -0.76499166]
 [ 0.01801097  0.5436061   0.92123194  0.56216907]
 [-0.11793695 -0.06497976 -0.59684792 -0.89494679]]
2024-12-23 08:33:17,630 - INFO - Generated random values for Uy: [[-0.24747139 -0.01061072  0.02670621 -0.12166003]
 [-0.65235185 -0.43760437  0.31852726  0.12741646]
 [-0.14041768  0.25523038  0.12520637 -0.90239362]
 [-0.40535666 -0.13836451  0.58533706 -0.53693793]]
2024-12-23 08:33:57,221 - INFO - Generated alpha_x: [[ 0.08534834 -0.04826083 -0.02001288 -0.00367823]
 [-0.09555485  0.06727873  0.03289009  0.04609584]
 [ 0.00110187 -0.0998961   0.09592427  0.03454746]
 [ 0.02274633  0.03201008 -0.03106723 -0.07952871]]
2024-12-23 08:33:57,221 - INFO - Generated alpha_y: [[-0.072182    0.09766013 -0.0779815  -0.07469305]
 [ 0.02463173  0.03705673  0.02264838  0.0500193 ]
 [-0.03902181  0.03456561  0.03922696 -0.09698323]
 [ 0.00486834  0.04629684 -0.022807    0.05800934]]
2024-12-23 08:33:57,221 - INFO - Generated beta_x: [[0.63426831 0.55563525 0.57224125 0.93187193]
 [0.65546496 0.76249615 0.94215371 0.9347109 ]
 [0.77055569 0.73438676 0.34554754 0.26255639]
 [0.42852657 0.07464863 0.02025922 0.35539455]]
2024-12-23 08:33:57,222 - INFO - Generated beta_y: [[0.25302131 0.87356018 0.49598589 0.74696075]
 [0.61368613 0.80818875 0.55834579 0.87418214]
 [0.01547513 0.43886322 0.85061861 0.76959667]
 [0.48370752 0.22973207 0.51421967 0.50448033]]
2024-12-23 08:33:57,222 - INFO - Generated random values for rho: [[0.10528499 0.90541236 0.28120337 0.75790805]
 [0.84849988 0.29112364 0.90774254 0.70062783]
 [0.94466503 0.74273943 0.69697231 0.14742824]
 [0.99737473 0.86405592 0.47342796 0.52427096]]
2024-12-23 08:33:57,222 - INFO - Generated random values for p: [[0.73932061 0.29902264 0.88058095 0.50800307]
 [0.73739322 0.86572422 0.32226302 0.57020572]
 [0.23922401 0.23971592 0.85772822 0.76487554]
 [0.62748083 0.48598498 0.68282719 0.27474621]]
2024-12-23 08:33:57,223 - INFO - Generated random values for Ux: [[ 0.67992064 -0.41988738 -0.7607484  -0.08894059]
 [-0.24277528 -0.62937614  0.9923648   0.85492585]
 [ 0.47330364  0.19466943 -0.27438302  0.57944784]
 [-0.97282742  0.17110429  0.77696687  0.22809852]]
2024-12-23 08:33:57,223 - INFO - Generated random values for Uy: [[ 0.5441677   0.07315194  0.980719   -0.62172128]
 [ 0.79420493 -0.62866868  0.9477568   0.03527738]
 [ 0.00427767  0.44793621 -0.22327164  0.01492774]
 [-0.00747897  0.5592628  -0.11113544  0.84436791]]
2024-12-23 08:33:58,310 - INFO - Number of cells in domain (outside square hole) = 16320
2024-12-23 08:35:06,896 - INFO - Generated alpha_x: [[-0.08924112 -0.03367772 -0.03158167  0.01997097]
 [-0.07011108  0.06115257  0.00969707 -0.02301359]
 [-0.09072594  0.03194036 -0.07276992  0.09379825]
 [ 0.05902473 -0.06189642 -0.05612087 -0.01924713]]
2024-12-23 08:35:06,897 - INFO - Generated alpha_y: [[ 0.04120712  0.05512     0.0148438   0.02689405]
 [-0.03968549 -0.02828011  0.05015086 -0.06402401]
 [-0.07889288  0.05655558 -0.02692378  0.07744091]
 [-0.03489054 -0.07650431  0.0712208   0.05480104]]
2024-12-23 08:35:06,897 - INFO - Generated beta_x: [[0.11707681 0.526683   0.84782866 0.44906938]
 [0.77650354 0.76253236 0.3879371  0.12312215]
 [0.66691289 0.96668532 0.50965074 0.12073019]
 [0.25585253 0.5509311  0.46412077 0.19302363]]
2024-12-23 08:35:06,897 - INFO - Generated beta_y: [[0.75210925 0.75709765 0.09310087 0.6053547 ]
 [0.87574172 0.43851217 0.81158966 0.34083808]
 [0.55949083 0.37972328 0.54979151 0.13101513]
 [0.28992529 0.92867993 0.30837499 0.47649522]]
2024-12-23 08:35:06,897 - INFO - Generated random values for rho: [[0.76328758 0.1706964  0.832722   0.23822049]
 [0.80443093 0.23734115 0.67401484 0.23307699]
 [0.65823244 0.57888144 0.13720846 0.95434831]
 [0.36862139 0.37538173 0.78002225 0.67241834]]
2024-12-23 08:35:06,898 - INFO - Generated random values for p: [[0.52445252 0.68883986 0.57321577 0.5078756 ]
 [0.34904757 0.41261135 0.6413692  0.4533459 ]
 [0.67881669 0.18275062 0.5849093  0.5649721 ]
 [0.82810411 0.1761442  0.91881011 0.77006355]]
2024-12-23 08:35:06,898 - INFO - Generated random values for Ux: [[-0.51021009  0.91950518  0.9902987   0.42969891]
 [ 0.76558673 -0.69883607  0.24702112  0.51005256]
 [ 0.93569114  0.75831719  0.05119249  0.3666385 ]
 [-0.78760264 -0.67030056 -0.58687773  0.60574804]]
2024-12-23 08:35:06,898 - INFO - Generated random values for Uy: [[-0.88063051 -0.36066859 -0.2885673   0.27172046]
 [-0.73617943 -0.54472836 -0.40439921 -0.43995306]
 [-0.60057058  0.60026643  0.69562736  0.22248563]
 [ 0.18418703  0.22053578 -0.97365609  0.50699967]]
2024-12-23 08:35:11,261 - INFO - Number of cells in domain (outside square hole) = 16320
2024-12-23 08:42:58,398 - INFO - Generated alpha_x: [[ 0.09992356 -0.03837044  0.00020243  0.09675996]
 [-0.07476422  0.0681347  -0.0238335   0.08180174]
 [ 0.01021318  0.03676867  0.03802193  0.05139081]
 [ 0.09372627 -0.02189691  0.07024817 -0.00856966]]
2024-12-23 08:42:58,398 - INFO - Generated alpha_y: [[ 0.06636017 -0.06343059 -0.02002378 -0.03927681]
 [-0.08381022  0.09748881 -0.08871636  0.08053668]
 [ 0.0200481   0.03007227 -0.07645413  0.03822822]
 [ 0.03610652 -0.05571839  0.06036345 -0.03646373]]
2024-12-23 08:42:58,399 - INFO - Generated beta_x: [[0.10224066 0.71781626 0.96536654 0.28657881]
 [0.66720776 0.17709909 0.18289988 0.52196062]
 [0.78871364 0.53939701 0.82681407 0.27447505]
 [0.02588155 0.83342414 0.30727721 0.1399048 ]]
2024-12-23 08:42:58,399 - INFO - Generated beta_y: [[0.06220006 0.90176346 0.78712612 0.99523105]
 [0.74126021 0.73615172 0.74726491 0.35772523]
 [0.50143251 0.63353204 0.13208562 0.50717577]
 [0.21386061 0.17018599 0.70035113 0.56307721]]
2024-12-23 08:42:58,400 - INFO - Generated random values for rho: [[0.49764835 0.30876544 0.8632833  0.8209289 ]
 [0.80529256 0.75211992 0.39519174 0.23971446]
 [0.53769961 0.61756462 0.82566415 0.4217707 ]
 [0.97358745 0.64264373 0.83652622 0.12204808]]
2024-12-23 08:42:58,400 - INFO - Generated random values for p: [[0.55794302 0.93573326 0.76246536 0.54472223]
 [0.79089218 0.62761296 0.51190608 0.49227969]
 [0.60322816 0.24138574 0.55847276 0.12550168]
 [0.40126609 0.66935016 0.82357349 0.7252823 ]]
2024-12-23 08:42:58,400 - INFO - Generated random values for Ux: [[ 0.9318641   0.6825738  -0.67817646  0.17684156]
 [-0.6965523  -0.1602142  -0.8885138   0.59626208]
 [ 0.2005803  -0.22639969 -0.1244371   0.17848356]
 [ 0.71723181  0.04404373 -0.76836114  0.03841512]]
2024-12-23 08:42:58,401 - INFO - Generated random values for Uy: [[-0.18715907  0.29400545  0.28207066 -0.37755009]
 [ 0.74100113  0.16025662 -0.31357209 -0.54382121]
 [-0.87835648 -0.23320267  0.28610113  0.21762896]
 [-0.3612345   0.81924116  0.73075301  0.00608768]]
2024-12-23 08:42:59,295 - INFO - Number of cells in domain (outside square hole) = 16320
2024-12-23 08:43:23,296 - INFO - Generated alpha_x: [[ 0.03575903  0.04458059  0.08872904  0.04232076]
 [ 0.0130981  -0.08542944  0.00876219  0.0803024 ]
 [ 0.02927291 -0.06963768 -0.03688048  0.05544395]
 [ 0.00235944 -0.05838036  0.04753506  0.00230756]]
2024-12-23 08:43:23,297 - INFO - Generated alpha_y: [[-0.00497635  0.03754761  0.05987872 -0.06841923]
 [ 0.02634495 -0.09310804  0.01013037  0.06349705]
 [ 0.08169308  0.06441377  0.06384809  0.00828711]
 [-0.04173209 -0.08119726  0.00807494  0.03870267]]
2024-12-23 08:43:23,297 - INFO - Generated beta_x: [[0.44611279 0.54063319 0.217789   0.60179128]
 [0.85084745 0.91044821 0.40028668 0.7736951 ]
 [0.42438568 0.37829961 0.2994244  0.86923963]
 [0.64227896 0.83556266 0.378279   0.44148704]]
2024-12-23 08:43:23,297 - INFO - Generated beta_y: [[7.14295068e-02 6.54271678e-01 1.63330304e-01 4.00727355e-01]
 [3.26525974e-01 5.41517541e-01 3.68487069e-01 9.65887987e-01]
 [1.18539562e-01 8.49896892e-01 6.35361823e-01 8.92081082e-05]
 [1.30797391e-01 2.82620040e-01 5.20463818e-01 4.93583466e-01]]
2024-12-23 08:43:23,298 - INFO - Generated random values for rho: [[0.1254676  0.3787013  0.4078102  0.40904545]
 [0.90413421 0.83972356 0.88660814 0.99569685]
 [0.37826282 0.52664837 0.18479502 0.43719373]
 [0.68935733 0.31169119 0.23193665 0.78532587]]
2024-12-23 08:43:23,298 - INFO - Generated random values for p: [[0.44311225 0.69318558 0.48817924 0.87827102]
 [0.73805706 0.75802013 0.89040412 0.57837569]
 [0.24082148 0.58162328 0.6054887  0.36634309]
 [0.4478155  0.5007564  0.90151977 0.33202712]]
2024-12-23 08:43:23,298 - INFO - Generated random values for Ux: [[-0.20227258  0.85481504 -0.83317189 -0.91192193]
 [ 0.0923535  -0.42727194  0.96621204 -0.69642856]
 [ 0.34172439 -0.23406325 -0.23643947  0.01892916]
 [ 0.21720241  0.76570841  0.01648928 -0.37007126]]
2024-12-23 08:43:23,299 - INFO - Generated random values for Uy: [[-0.5946354  -0.91125934  0.23863909 -0.11194428]
 [-0.40702421 -0.860636   -0.76295659 -0.43794242]
 [ 0.53671224 -0.17314147 -0.0976744   0.12679314]
 [ 0.30343726 -0.10395212  0.83800658 -0.93963088]]
2024-12-23 09:19:32,752 - INFO - Generated alpha_x: [[ 0.00419861 -0.00409345  0.07715916 -0.02859457]
 [ 0.03949564  0.08223023  0.04426467  0.0096905 ]
 [ 0.04204194  0.07713946 -0.01644563  0.07883819]
 [-0.02361796 -0.06211286 -0.07551908  0.08772361]]
2024-12-23 09:19:32,753 - INFO - Generated alpha_y: [[-0.00102728  0.06076003 -0.07684712 -0.00537774]
 [-0.06485221 -0.04539481 -0.09067171 -0.02287732]
 [ 0.08890057 -0.04023858  0.07524749 -0.0737889 ]
 [ 0.09676943 -0.04392638 -0.00166985  0.07653637]]
2024-12-23 09:19:32,753 - INFO - Generated beta_x: [[0.11217625 0.93022549 0.70298178 0.96930103]
 [0.76600501 0.36129318 0.23496943 0.89979749]
 [0.16619192 0.41037678 0.55945992 0.92086378]
 [0.77987299 0.04915667 0.34092597 0.05589193]]
2024-12-23 09:19:32,753 - INFO - Generated beta_y: [[0.64673882 0.76504464 0.19922335 0.27875719]
 [0.89496091 0.6419808  0.07692345 0.99769138]
 [0.67839569 0.6136702  0.36845055 0.49698429]
 [0.1553461  0.32503086 0.91934514 0.87935106]]
2024-12-23 09:19:32,754 - INFO - Generated random values for rho: [[0.83080627 0.97492362 0.42739648 0.78295739]
 [0.72170053 0.98985224 0.96418873 0.29664939]
 [0.18047723 0.97571848 0.43318721 0.5596057 ]
 [0.28316953 0.60946056 0.62435684 0.68878729]]
2024-12-23 09:19:32,754 - INFO - Generated random values for p: [[0.56930631 0.88030691 0.68336738 0.8883125 ]
 [0.63657686 0.88340165 0.25267365 0.68473544]
 [0.56740918 0.62710939 0.17797792 0.29948873]
 [0.10514892 0.42240908 0.14250925 0.41605975]]
2024-12-23 09:19:32,754 - INFO - Generated random values for Ux: [[-0.54003888  0.78759072 -0.64094151  0.26235698]
 [-0.14923763  0.04603115 -0.59627848 -0.10431803]
 [-0.75961812  0.8098473  -0.90067966 -0.43729858]
 [ 0.49394804 -0.16763659 -0.38776693  0.67899104]]
2024-12-23 09:19:32,755 - INFO - Generated random values for Uy: [[-0.93647548  0.25546649  0.2041093  -0.73674394]
 [ 0.92374215  0.15275362  0.89416596 -0.66979407]
 [-0.46344731  0.39040164 -0.26064366  0.68295694]
 [ 0.57135659 -0.46118286 -0.92938856  0.16604907]]
2024-12-23 09:19:47,459 - INFO - Generated alpha_x: [[ 0.01633069 -0.07318662 -0.04435515  0.08335809]
 [ 0.0767366   0.08068327 -0.05065298  0.04611208]
 [ 0.06036835 -0.04460437 -0.07006799  0.04406441]
 [ 0.09060992  0.09426605  0.02947965  0.00671386]]
2024-12-23 09:19:47,459 - INFO - Generated alpha_y: [[-0.0720012   0.07359442 -0.07477197  0.07193244]
 [ 0.07385212  0.04949031  0.02221675 -0.03110038]
 [-0.01035047 -0.07424374  0.07636966 -0.06359489]
 [-0.0882223   0.06395215  0.0888712   0.02601245]]
2024-12-23 09:19:47,459 - INFO - Generated beta_x: [[0.40673439 0.12872196 0.58540374 0.77345967]
 [0.42630138 0.19004898 0.20324371 0.85179513]
 [0.85589915 0.16515342 0.43743271 0.49166255]
 [0.97626433 0.05729379 0.36092765 0.19242514]]
2024-12-23 09:19:47,460 - INFO - Generated beta_y: [[0.38234731 0.68896852 0.4774219  0.37785193]
 [0.32065271 0.41743726 0.7744585  0.94999936]
 [0.19581356 0.17242479 0.4485068  0.1180394 ]
 [0.95362685 0.7243895  0.58814983 0.13162997]]
2024-12-23 09:19:47,460 - INFO - Generated random values for rho: [[0.63988795 0.5357509  0.77238172 0.15634488]
 [0.6466732  0.95261718 0.7813861  0.74706307]
 [0.39708219 0.48194358 0.74901168 0.95655964]
 [0.72720917 0.22758112 0.71365826 0.28127984]]
2024-12-23 09:19:47,460 - INFO - Generated random values for p: [[0.56286044 0.16679971 0.93440243 0.97296021]
 [0.83407902 0.39388565 0.44653487 0.96559025]
 [0.73444949 0.89622869 0.23447863 0.76809915]
 [0.78513383 0.49710642 0.88930548 0.62955959]]
2024-12-23 09:19:47,461 - INFO - Generated random values for Ux: [[-0.25396036  0.93749782 -0.18222069  0.5996124 ]
 [-0.29830546 -0.64868335  0.90661511 -0.94433855]
 [ 0.7124979   0.56439217  0.0780428  -0.82123105]
 [-0.62435583 -0.91279715  0.45233721  0.63152641]]
2024-12-23 09:19:47,461 - INFO - Generated random values for Uy: [[-0.64405415  0.29121431  0.87775265 -0.07072377]
 [-0.91996483  0.06096248  0.50216487  0.39107045]
 [-0.40408455 -0.26259893 -0.96306334  0.72246063]
 [-0.80342428  0.84967052  0.71816683 -0.0657277 ]]
2024-12-23 09:19:48,387 - INFO - Number of cells in domain (outside square hole) = 16348
2024-12-23 09:44:13,350 - INFO - Generated alpha_x: [[ 0.01658484 -0.07102127  0.06570562  0.07593139]
 [ 0.03831018 -0.00868375 -0.06084202  0.06998729]
 [-0.09316601 -0.02352366  0.09381263  0.02760637]
 [ 0.0917209  -0.06934203 -0.07684584 -0.06974244]]
2024-12-23 09:44:13,350 - INFO - Generated alpha_y: [[-0.05612835  0.04666829 -0.04020537 -0.03557591]
 [ 0.04328838 -0.05902529 -0.00268724 -0.01123196]
 [-0.00364858 -0.09967352 -0.04796957  0.03612553]
 [ 0.09250839 -0.05290676  0.02168016 -0.06139176]]
2024-12-23 09:44:13,350 - INFO - Generated beta_x: [[0.34971557 0.96291985 0.51519829 0.32861605]
 [0.42159159 0.36568985 0.97998679 0.41953695]
 [0.20813828 0.72456432 0.04057488 0.77069301]
 [0.55030371 0.99632513 0.31139868 0.73480983]]
2024-12-23 09:44:13,351 - INFO - Generated beta_y: [[0.27477493 0.06330804 0.21845446 0.66152849]
 [0.2256291  0.15172467 0.39892199 0.99923914]
 [0.65735507 0.64538718 0.7417743  0.51624509]
 [0.22241124 0.7644949  0.60583014 0.42245393]]
2024-12-23 09:44:13,351 - INFO - Generated random values for rho: [[0.72856437 0.71288881 0.30626419 0.81807152]
 [0.77910473 0.86283986 0.34834218 0.2304087 ]
 [0.19909443 0.96284706 0.35083295 0.72514592]
 [0.94231085 0.75358676 0.63313132 0.42932302]]
2024-12-23 09:44:13,352 - INFO - Generated random values for p: [[0.13854433 0.61367935 0.442629   0.23279363]
 [0.79372827 0.65105741 0.82656918 0.54702814]
 [0.23491025 0.1047695  0.28114757 0.49703876]
 [0.85641895 0.33274364 0.78412058 0.23036839]]
2024-12-23 09:44:13,352 - INFO - Generated random values for Ux: [[-0.10832993 -0.69657427  0.75851656  0.59611621]
 [-0.02601723  0.53287112  0.77471894  0.74230484]
 [ 0.86974791  0.89811963  0.57512866  0.11633611]
 [ 0.80087675  0.44593264  0.96386188 -0.0204377 ]]
2024-12-23 09:44:13,352 - INFO - Generated random values for Uy: [[ 0.40259343 -0.43996158  0.25364518 -0.69912957]
 [-0.5329222   0.4101513   0.70331982 -0.61101937]
 [-0.59181428 -0.43936893 -0.81684649 -0.9510673 ]
 [ 0.08597524 -0.854858    0.15470155  0.18340397]]
2024-12-23 09:44:14,275 - INFO - Number of cells in domain (outside square hole) = 16320
